2017-12-07 04:43:32.350 [12392] LOG_ALARM -----------------  log4z thread started!   ---------------------------- log4z.cpp:1923
2017-12-07 04:43:32.351 [12392] LOG_ALARM logger id=0 key=Main name=Main path=./log/ level=0 display=true log4z.cpp:1933
2017-12-07 04:43:32.400 [12391] LOG_TRACE format input *** LOGFMTT *** 123456 *** main.cpp:42
2017-12-07 04:43:32.401 [12391] LOG_DEBUG format input *** LOGFMTD *** 123456 *** main.cpp:43
2017-12-07 04:43:32.401 [12391] LOG_INFO format input *** LOGFMTI *** 123456 *** main.cpp:44
2017-12-07 04:43:32.401 [12391] LOG_WARN format input *** LOGFMTW *** 123456 *** main.cpp:45
2017-12-07 04:43:32.401 [12391] LOG_ERROR format input *** LOGFMTE *** 123456 *** main.cpp:46
2017-12-07 04:43:32.401 [12391] LOG_ALARM format input *** LOGFMTA *** 123456 *** main.cpp:47
2017-12-07 04:43:32.401 [12391] LOG_FATAL format input *** LOGFMTF *** 123456 *** main.cpp:48
2017-12-07 04:43:32.401 [12391] LOG_TRACE remote:127.0.0.1:1201,  local = 1201, dev_id=1 main.cpp:60
2017-12-07 04:43:32.401 [12391] LOG_TRACE state_client_start 127.0.0.1:1201 state_client.cpp:15
2017-12-07 04:43:32.401 [12391] LOG_TRACE 线程thread state client创建成功 state_client.cpp:29
2017-12-07 04:43:32.401 [12391] LOG_TRACE broadcast_server_start 1200 broadcast_server.cpp:22
2017-12-07 04:43:32.401 [12393] LOG_TRACE state_thread,  start state_client.cpp:70
2017-12-07 04:43:32.401 [12391] LOG_TRACE 线程thread broadcast server创建成功 broadcast_server.cpp:39
2017-12-07 04:43:32.402 [12394] LOG_TRACE broadcast_server_thread, thread broadcast server start broadcast_server.cpp:55
2017-12-07 04:43:32.402 [12394] LOG_TRACE pcm_out_init2
 pcm_io.cpp:81
2017-12-07 04:43:32.403 [12394] LOG_TRACE pcm_out_init2 end pcm_io.cpp:107
2017-12-07 04:43:32.403 [12394] LOG_TRACE broadcast_server_thread,   looping broadcast_server.cpp:82
2017-12-07 04:43:32.423 [12394] LOG_TRACE pkt lost:197, last=0,current=198 broadcast_server.cpp:108
2017-12-07 04:43:32.482 [12394] LOG_TRACE pkt lost:1, last=202,current=204 broadcast_server.cpp:108
2017-12-07 04:43:32.502 [12394] LOG_TRACE pkt lost:2, last=204,current=207 broadcast_server.cpp:108
2017-12-07 04:43:32.622 [12394] LOG_TRACE pkt lost:1, last=214,current=216 broadcast_server.cpp:108
2017-12-07 04:43:32.734 [12394] LOG_TRACE pkt lost:1, last=218,current=220 broadcast_server.cpp:108
2017-12-07 04:43:32.792 [12394] LOG_TRACE pkt lost:1, last=224,current=226 broadcast_server.cpp:108
2017-12-07 04:43:32.852 [12394] LOG_TRACE pkt lost:1, last=229,current=231 broadcast_server.cpp:108
2017-12-07 04:43:32.922 [12394] LOG_TRACE pkt lost:1, last=234,current=236 broadcast_server.cpp:108
2017-12-07 04:43:32.932 [12394] LOG_TRACE pkt lost:1, last=236,current=238 broadcast_server.cpp:108
2017-12-07 04:43:33.037 [12394] LOG_TRACE pkt lost:1, last=238,current=240 broadcast_server.cpp:108
2017-12-07 04:43:33.045 [12394] LOG_TRACE pkt lost:1, last=241,current=243 broadcast_server.cpp:108
2017-12-07 04:43:33.082 [12394] LOG_TRACE pkt lost:1, last=244,current=246 broadcast_server.cpp:108
2017-12-07 04:43:33.112 [12394] LOG_TRACE pkt lost:4, last=247,current=252 broadcast_server.cpp:108
2017-12-07 04:43:33.122 [12394] LOG_TRACE pkt lost:1, last=252,current=254 broadcast_server.cpp:108
2017-12-07 04:43:33.142 [12394] LOG_TRACE pkt lost:3, last=254,current=3 broadcast_server.cpp:108
2017-12-07 04:43:33.347 [12394] LOG_TRACE pkt lost:1, last=4,current=6 broadcast_server.cpp:108
2017-12-07 04:43:33.351 [12394] LOG_TRACE pkt lost:1, last=6,current=8 broadcast_server.cpp:108
2017-12-07 04:43:33.357 [12394] LOG_TRACE pkt lost:1, last=8,current=10 broadcast_server.cpp:108
2017-12-07 04:43:33.402 [12394] LOG_TRACE pkt lost:2, last=12,current=15 broadcast_server.cpp:108
2017-12-07 04:43:33.422 [12394] LOG_TRACE pkt lost:2, last=15,current=18 broadcast_server.cpp:108
2017-12-07 04:43:33.656 [12394] LOG_TRACE pkt lost:1, last=26,current=28 broadcast_server.cpp:108
2017-12-07 04:43:33.674 [12394] LOG_TRACE pkt lost:3, last=28,current=32 broadcast_server.cpp:108
2017-12-07 04:43:33.862 [12394] LOG_TRACE pkt lost:2, last=44,current=47 broadcast_server.cpp:108
2017-12-07 04:43:33.959 [12394] LOG_TRACE pkt lost:1, last=47,current=49 broadcast_server.cpp:108
2017-12-07 04:43:33.962 [12394] LOG_TRACE pkt lost:1, last=49,current=51 broadcast_server.cpp:108
2017-12-07 04:43:34.012 [12394] LOG_TRACE pkt lost:1, last=54,current=56 broadcast_server.cpp:108
2017-12-07 04:43:34.062 [12394] LOG_TRACE pkt lost:1, last=58,current=60 broadcast_server.cpp:108
2017-12-07 04:43:34.112 [12394] LOG_TRACE pkt lost:1, last=62,current=64 broadcast_server.cpp:108
2017-12-07 04:43:34.272 [12394] LOG_TRACE pkt lost:4, last=67,current=72 broadcast_server.cpp:108
2017-12-07 04:43:34.322 [12394] LOG_TRACE pkt lost:1, last=75,current=77 broadcast_server.cpp:108
2017-12-07 04:43:34.332 [12394] LOG_TRACE pkt lost:3, last=77,current=81 broadcast_server.cpp:108
2017-12-07 04:43:34.412 [12394] LOG_TRACE pkt lost:1, last=85,current=87 broadcast_server.cpp:108
2017-12-07 04:43:34.580 [12394] LOG_TRACE pkt lost:2, last=88,current=91 broadcast_server.cpp:108
2017-12-07 04:43:34.581 [12394] LOG_TRACE pkt lost:1, last=92,current=94 broadcast_server.cpp:108
2017-12-07 04:43:34.602 [12394] LOG_TRACE pkt lost:1, last=94,current=96 broadcast_server.cpp:108
2017-12-07 04:43:34.622 [12394] LOG_TRACE pkt lost:2, last=96,current=99 broadcast_server.cpp:108
2017-12-07 04:43:34.632 [12394] LOG_TRACE pkt lost:1, last=99,current=101 broadcast_server.cpp:108
2017-12-07 04:43:34.652 [12394] LOG_TRACE pkt lost:1, last=101,current=103 broadcast_server.cpp:108
2017-12-07 04:43:34.883 [12394] LOG_TRACE pkt lost:1, last=111,current=113 broadcast_server.cpp:108
2017-12-07 04:43:34.886 [12394] LOG_TRACE pkt lost:2, last=113,current=116 broadcast_server.cpp:108
2017-12-07 04:43:34.932 [12394] LOG_TRACE pkt lost:3, last=117,current=121 broadcast_server.cpp:108
2017-12-07 04:43:34.962 [12394] LOG_TRACE pkt lost:6, last=122,current=129 broadcast_server.cpp:108
2017-12-07 04:43:35.190 [12394] LOG_TRACE pkt lost:2, last=130,current=133 broadcast_server.cpp:108
2017-12-07 04:43:35.201 [12394] LOG_TRACE pkt lost:1, last=134,current=136 broadcast_server.cpp:108
2017-12-07 04:43:35.216 [12394] LOG_TRACE pkt lost:3, last=136,current=140 broadcast_server.cpp:108
2017-12-07 04:43:35.292 [12394] LOG_TRACE pkt lost:1, last=144,current=146 broadcast_server.cpp:108
2017-12-07 04:43:35.342 [12394] LOG_TRACE pkt lost:3, last=148,current=152 broadcast_server.cpp:108
2017-12-07 04:43:35.497 [12394] LOG_TRACE pkt lost:1, last=153,current=155 broadcast_server.cpp:108
2017-12-07 04:43:35.502 [12394] LOG_TRACE pkt lost:1, last=156,current=158 broadcast_server.cpp:108
2017-12-07 04:43:35.522 [12394] LOG_TRACE pkt lost:1, last=158,current=160 broadcast_server.cpp:108
2017-12-07 04:43:35.542 [12394] LOG_TRACE pkt lost:1, last=160,current=162 broadcast_server.cpp:108
2017-12-07 04:43:35.552 [12394] LOG_TRACE pkt lost:1, last=162,current=164 broadcast_server.cpp:108
2017-12-07 04:43:35.572 [12394] LOG_TRACE pkt lost:2, last=164,current=167 broadcast_server.cpp:108
2017-12-07 04:43:35.582 [12394] LOG_TRACE pkt lost:1, last=167,current=169 broadcast_server.cpp:108
2017-12-07 04:43:35.602 [12394] LOG_TRACE pkt lost:4, last=169,current=174 broadcast_server.cpp:108
2017-12-07 04:43:35.832 [12394] LOG_TRACE pkt lost:1, last=177,current=179 broadcast_server.cpp:108
2017-12-07 04:43:35.862 [12394] LOG_TRACE pkt lost:1, last=180,current=182 broadcast_server.cpp:108
2017-12-07 04:43:35.892 [12394] LOG_TRACE pkt lost:7, last=183,current=191 broadcast_server.cpp:108
2017-12-07 04:43:35.912 [12394] LOG_TRACE pkt lost:1, last=191,current=193 broadcast_server.cpp:108
2017-12-07 04:43:36.109 [12394] LOG_TRACE pkt lost:1, last=194,current=196 broadcast_server.cpp:108
2017-12-07 04:43:36.113 [12394] LOG_TRACE pkt lost:1, last=196,current=198 broadcast_server.cpp:108
2017-12-07 04:43:36.132 [12394] LOG_TRACE pkt lost:2, last=199,current=202 broadcast_server.cpp:108
2017-12-07 04:43:36.162 [12394] LOG_TRACE pkt lost:4, last=203,current=208 broadcast_server.cpp:108
2017-12-07 04:43:36.212 [12394] LOG_TRACE pkt lost:3, last=210,current=214 broadcast_server.cpp:108
2017-12-07 04:43:36.222 [12394] LOG_TRACE pkt lost:1, last=214,current=216 broadcast_server.cpp:108
2017-12-07 04:43:36.442 [12394] LOG_TRACE pkt lost:2, last=219,current=222 broadcast_server.cpp:108
2017-12-07 04:43:36.472 [12394] LOG_TRACE pkt lost:6, last=223,current=230 broadcast_server.cpp:108
2017-12-07 04:43:36.722 [12394] LOG_TRACE pkt lost:4, last=233,current=238 broadcast_server.cpp:108
2017-12-07 04:43:36.729 [12394] LOG_TRACE pkt lost:1, last=238,current=240 broadcast_server.cpp:108
2017-12-07 04:43:36.740 [12394] LOG_TRACE pkt lost:1, last=240,current=242 broadcast_server.cpp:108
2017-12-07 04:43:36.772 [12394] LOG_TRACE pkt lost:2, last=243,current=246 broadcast_server.cpp:108
2017-12-07 04:43:36.812 [12394] LOG_TRACE pkt lost:1, last=248,current=250 broadcast_server.cpp:108
2017-12-07 04:43:36.832 [12394] LOG_TRACE pkt lost:5, last=250,current=1 broadcast_server.cpp:108
2017-12-07 04:43:37.030 [12394] LOG_TRACE pkt lost:1, last=1,current=3 broadcast_server.cpp:108
2017-12-07 04:43:37.045 [12394] LOG_TRACE pkt lost:2, last=3,current=6 broadcast_server.cpp:108
2017-12-07 04:43:37.059 [12394] LOG_TRACE pkt lost:3, last=6,current=10 broadcast_server.cpp:108
2017-12-07 04:43:37.102 [12394] LOG_TRACE pkt lost:2, last=13,current=16 broadcast_server.cpp:108
2017-12-07 04:43:37.122 [12394] LOG_TRACE pkt lost:2, last=16,current=19 broadcast_server.cpp:108
2017-12-07 04:43:37.132 [12394] LOG_TRACE pkt lost:1, last=19,current=21 broadcast_server.cpp:108
2017-12-07 04:43:37.340 [12394] LOG_TRACE pkt lost:5, last=21,current=27 broadcast_server.cpp:108
2017-12-07 04:43:37.345 [12394] LOG_TRACE pkt lost:1, last=27,current=29 broadcast_server.cpp:108
2017-12-07 04:43:37.377 [12394] LOG_TRACE pkt lost:8, last=30,current=39 broadcast_server.cpp:108
2017-12-07 04:43:37.643 [12394] LOG_TRACE pkt lost:5, last=40,current=46 broadcast_server.cpp:108
2017-12-07 04:43:37.682 [12394] LOG_TRACE pkt lost:6, last=46,current=53 broadcast_server.cpp:108
2017-12-07 04:43:37.687 [12394] LOG_TRACE pkt lost:2, last=53,current=56 broadcast_server.cpp:108
2017-12-07 04:43:37.717 [12394] LOG_TRACE pkt lost:5, last=56,current=62 broadcast_server.cpp:108
2017-12-07 04:43:37.724 [12394] LOG_TRACE pkt lost:2, last=62,current=65 broadcast_server.cpp:108
2017-12-07 04:43:37.956 [12394] LOG_TRACE pkt lost:1, last=65,current=67 broadcast_server.cpp:108
2017-12-07 04:43:37.972 [12394] LOG_TRACE pkt lost:1, last=67,current=69 broadcast_server.cpp:108
2017-12-07 04:43:37.978 [12394] LOG_TRACE pkt lost:1, last=69,current=71 broadcast_server.cpp:108
2017-12-07 04:43:38.009 [12394] LOG_TRACE pkt lost:3, last=72,current=76 broadcast_server.cpp:108
2017-12-07 04:43:38.022 [12394] LOG_TRACE pkt lost:1, last=76,current=78 broadcast_server.cpp:108
2017-12-07 04:43:38.032 [12394] LOG_TRACE pkt lost:1, last=78,current=80 broadcast_server.cpp:108
2017-12-07 04:43:38.062 [12394] LOG_TRACE pkt lost:1, last=81,current=83 broadcast_server.cpp:108
2017-12-07 04:43:38.082 [12394] LOG_TRACE pkt lost:2, last=83,current=86 broadcast_server.cpp:108
2017-12-07 04:43:38.292 [12394] LOG_TRACE pkt lost:1, last=89,current=91 broadcast_server.cpp:108
2017-12-07 04:43:38.332 [12394] LOG_TRACE pkt lost:1, last=93,current=95 broadcast_server.cpp:108
2017-12-07 04:43:38.352 [12394] LOG_TRACE pkt lost:3, last=95,current=99 broadcast_server.cpp:108
2017-12-07 04:43:38.382 [12394] LOG_TRACE pkt lost:2, last=100,current=103 broadcast_server.cpp:108
2017-12-07 04:43:38.392 [12394] LOG_TRACE pkt lost:1, last=103,current=105 broadcast_server.cpp:108
2017-12-07 04:43:38.412 [12394] LOG_TRACE pkt lost:2, last=105,current=108 broadcast_server.cpp:108
2017-12-07 04:43:38.586 [12394] LOG_TRACE pkt lost:3, last=108,current=112 broadcast_server.cpp:108
2017-12-07 04:43:38.597 [12394] LOG_TRACE pkt lost:1, last=112,current=114 broadcast_server.cpp:108
2017-12-07 04:43:38.642 [12394] LOG_TRACE pkt lost:11, last=117,current=129 broadcast_server.cpp:108
2017-12-07 04:43:38.876 [12394] LOG_TRACE pkt lost:1, last=130,current=132 broadcast_server.cpp:108
2017-12-07 04:43:38.895 [12394] LOG_TRACE pkt lost:2, last=132,current=135 broadcast_server.cpp:108
2017-12-07 04:43:38.922 [12394] LOG_TRACE pkt lost:1, last=137,current=139 broadcast_server.cpp:108
2017-12-07 04:43:38.942 [12394] LOG_TRACE pkt lost:3, last=139,current=143 broadcast_server.cpp:108
2017-12-07 04:43:38.952 [12394] LOG_TRACE pkt lost:6, last=143,current=150 broadcast_server.cpp:108
2017-12-07 04:43:39.178 [12394] LOG_TRACE pkt lost:1, last=150,current=152 broadcast_server.cpp:108
2017-12-07 04:43:39.202 [12394] LOG_TRACE pkt lost:2, last=154,current=157 broadcast_server.cpp:108
2017-12-07 04:43:39.222 [12394] LOG_TRACE pkt lost:3, last=157,current=161 broadcast_server.cpp:108
2017-12-07 04:43:39.237 [12394] LOG_TRACE pkt lost:3, last=161,current=165 broadcast_server.cpp:108
2017-12-07 04:43:39.282 [12394] LOG_TRACE pkt lost:2, last=167,current=170 broadcast_server.cpp:108
2017-12-07 04:43:39.292 [12394] LOG_TRACE pkt lost:1, last=170,current=172 broadcast_server.cpp:108
2017-12-07 04:43:39.516 [12394] LOG_TRACE pkt lost:11, last=172,current=184 broadcast_server.cpp:108
2017-12-07 04:43:39.523 [12394] LOG_TRACE pkt lost:2, last=184,current=187 broadcast_server.cpp:108
2017-12-07 04:43:39.562 [12394] LOG_TRACE pkt lost:1, last=189,current=191 broadcast_server.cpp:108
2017-12-07 04:43:39.792 [12394] LOG_TRACE pkt lost:2, last=191,current=194 broadcast_server.cpp:108
2017-12-07 04:43:39.806 [12394] LOG_TRACE pkt lost:1, last=195,current=197 broadcast_server.cpp:108
2017-12-07 04:43:39.842 [12394] LOG_TRACE pkt lost:5, last=198,current=204 broadcast_server.cpp:108
2017-12-07 04:43:39.852 [12394] LOG_TRACE pkt lost:2, last=204,current=207 broadcast_server.cpp:108
2017-12-07 04:43:39.882 [12394] LOG_TRACE pkt lost:4, last=208,current=213 broadcast_server.cpp:108
2017-12-07 04:43:40.110 [12394] LOG_TRACE pkt lost:2, last=214,current=217 broadcast_server.cpp:108
2017-12-07 04:43:40.132 [12394] LOG_TRACE pkt lost:1, last=219,current=221 broadcast_server.cpp:108
2017-12-07 04:43:40.222 [12394] LOG_TRACE pkt lost:4, last=226,current=231 broadcast_server.cpp:108
2017-12-07 04:43:40.412 [12394] LOG_TRACE pkt lost:1, last=234,current=236 broadcast_server.cpp:108
2017-12-07 04:43:40.412 [12394] LOG_TRACE pkt lost:1, last=236,current=238 broadcast_server.cpp:108
2017-12-07 04:43:40.442 [12394] LOG_TRACE pkt lost:2, last=239,current=242 broadcast_server.cpp:108
2017-12-07 04:43:40.462 [12394] LOG_TRACE pkt lost:1, last=242,current=244 broadcast_server.cpp:108
2017-12-07 04:43:40.502 [12394] LOG_TRACE pkt lost:1, last=246,current=248 broadcast_server.cpp:108
2017-12-07 04:43:40.602 [12394] LOG_TRACE pkt lost:1, last=253,current=0 broadcast_server.cpp:108
2017-12-07 04:43:40.719 [12394] LOG_TRACE pkt lost:2, last=0,current=3 broadcast_server.cpp:108
2017-12-07 04:43:40.736 [12394] LOG_TRACE pkt lost:1, last=4,current=6 broadcast_server.cpp:108
2017-12-07 04:43:40.742 [12394] LOG_TRACE pkt lost:1, last=6,current=8 broadcast_server.cpp:108
2017-12-07 04:43:40.772 [12394] LOG_TRACE pkt lost:1, last=9,current=11 broadcast_server.cpp:108
2017-12-07 04:43:40.792 [12394] LOG_TRACE pkt lost:1, last=11,current=13 broadcast_server.cpp:108
2017-12-07 04:43:40.822 [12394] LOG_TRACE pkt lost:1, last=14,current=16 broadcast_server.cpp:108
2017-12-07 04:43:40.832 [12394] LOG_TRACE pkt lost:3, last=16,current=20 broadcast_server.cpp:108
2017-12-07 04:43:41.025 [12394] LOG_TRACE pkt lost:2, last=20,current=23 broadcast_server.cpp:108
2017-12-07 04:43:41.082 [12394] LOG_TRACE pkt lost:2, last=27,current=30 broadcast_server.cpp:108
2017-12-07 04:43:41.142 [12394] LOG_TRACE pkt lost:2, last=33,current=36 broadcast_server.cpp:108
2017-12-07 04:43:41.192 [12394] LOG_TRACE pkt lost:1, last=38,current=40 broadcast_server.cpp:108
2017-12-07 04:43:41.336 [12394] LOG_TRACE pkt lost:6, last=40,current=47 broadcast_server.cpp:108
2017-12-07 04:43:41.412 [12394] LOG_TRACE pkt lost:1, last=52,current=54 broadcast_server.cpp:108
2017-12-07 04:43:41.442 [12394] LOG_TRACE pkt lost:8, last=55,current=64 broadcast_server.cpp:108
2017-12-07 04:43:41.641 [12394] LOG_TRACE pkt lost:1, last=64,current=66 broadcast_server.cpp:108
2017-12-07 04:43:41.653 [12394] LOG_TRACE pkt lost:2, last=66,current=69 broadcast_server.cpp:108
2017-12-07 04:43:41.672 [12394] LOG_TRACE pkt lost:6, last=70,current=77 broadcast_server.cpp:108
2017-12-07 04:43:41.723 [12394] LOG_TRACE pkt lost:2, last=79,current=82 broadcast_server.cpp:108
2017-12-07 04:43:41.946 [12394] LOG_TRACE pkt lost:4, last=83,current=88 broadcast_server.cpp:108
2017-12-07 04:43:41.957 [12394] LOG_TRACE pkt lost:1, last=88,current=90 broadcast_server.cpp:108
2017-12-07 04:43:41.992 [12394] LOG_TRACE pkt lost:1, last=92,current=94 broadcast_server.cpp:108
2017-12-07 04:43:42.002 [12394] LOG_TRACE pkt lost:1, last=94,current=96 broadcast_server.cpp:108
2017-12-07 04:43:42.052 [12394] LOG_TRACE pkt lost:1, last=98,current=100 broadcast_server.cpp:108
2017-12-07 04:43:42.082 [12394] LOG_TRACE pkt lost:1, last=101,current=103 broadcast_server.cpp:108
2017-12-07 04:43:42.102 [12394] LOG_TRACE pkt lost:1, last=103,current=105 broadcast_server.cpp:108
2017-12-07 04:43:42.278 [12394] LOG_TRACE pkt lost:4, last=105,current=110 broadcast_server.cpp:108
2017-12-07 04:43:42.322 [12394] LOG_TRACE pkt lost:4, last=113,current=118 broadcast_server.cpp:108
2017-12-07 04:43:42.332 [12394] LOG_TRACE pkt lost:4, last=118,current=123 broadcast_server.cpp:108
2017-12-07 04:43:42.382 [12394] LOG_TRACE pkt lost:2, last=125,current=128 broadcast_server.cpp:108
2017-12-07 04:43:42.559 [12394] LOG_TRACE pkt lost:1, last=129,current=131 broadcast_server.cpp:108
2017-12-07 04:43:42.582 [12394] LOG_TRACE pkt lost:2, last=132,current=135 broadcast_server.cpp:108
2017-12-07 04:43:42.602 [12394] LOG_TRACE pkt lost:1, last=135,current=137 broadcast_server.cpp:108
2017-12-07 04:43:42.662 [12394] LOG_TRACE pkt lost:1, last=140,current=142 broadcast_server.cpp:108
2017-12-07 04:43:42.692 [12394] LOG_TRACE pkt lost:2, last=143,current=146 broadcast_server.cpp:108
2017-12-07 04:43:42.862 [12394] LOG_TRACE pkt lost:3, last=146,current=150 broadcast_server.cpp:108
2017-12-07 04:43:42.875 [12394] LOG_TRACE pkt lost:3, last=151,current=155 broadcast_server.cpp:108
2017-12-07 04:43:43.181 [12394] LOG_TRACE pkt lost:6, last=168,current=175 broadcast_server.cpp:108
2017-12-07 04:43:43.191 [12394] LOG_TRACE pkt lost:2, last=175,current=178 broadcast_server.cpp:108
2017-12-07 04:43:43.196 [12394] LOG_TRACE pkt lost:1, last=178,current=180 broadcast_server.cpp:108
2017-12-07 04:43:43.212 [12394] LOG_TRACE pkt lost:1, last=180,current=182 broadcast_server.cpp:108
2017-12-07 04:43:43.322 [12394] LOG_TRACE pkt lost:1, last=188,current=190 broadcast_server.cpp:108
2017-12-07 04:43:43.478 [12394] LOG_TRACE pkt lost:1, last=190,current=192 broadcast_server.cpp:108
2017-12-07 04:43:43.496 [12394] LOG_TRACE pkt lost:4, last=193,current=198 broadcast_server.cpp:108
2017-12-07 04:43:43.642 [12394] LOG_TRACE pkt lost:1, last=207,current=209 broadcast_server.cpp:108
2017-12-07 04:43:43.790 [12394] LOG_TRACE pkt lost:3, last=210,current=214 broadcast_server.cpp:108
2017-12-07 04:43:43.832 [12394] LOG_TRACE pkt lost:1, last=217,current=219 broadcast_server.cpp:108
2017-12-07 04:43:43.922 [12394] LOG_TRACE pkt lost:2, last=224,current=227 broadcast_server.cpp:108
2017-12-07 04:43:43.982 [12394] LOG_TRACE pkt lost:1, last=230,current=232 broadcast_server.cpp:108
2017-12-07 04:43:44.097 [12394] LOG_TRACE pkt lost:2, last=232,current=235 broadcast_server.cpp:108
2017-12-07 04:43:44.104 [12394] LOG_TRACE pkt lost:1, last=235,current=237 broadcast_server.cpp:108
2017-12-07 04:43:44.182 [12394] LOG_TRACE pkt lost:1, last=242,current=244 broadcast_server.cpp:108
2017-12-07 04:43:44.202 [12394] LOG_TRACE pkt lost:1, last=244,current=246 broadcast_server.cpp:108
2017-12-07 04:43:44.232 [12394] LOG_TRACE pkt lost:3, last=247,current=251 broadcast_server.cpp:108
2017-12-07 04:43:44.452 [12394] LOG_TRACE pkt lost:1, last=4,current=6 broadcast_server.cpp:108
2017-12-07 04:43:44.532 [12394] LOG_TRACE pkt lost:1, last=10,current=12 broadcast_server.cpp:108
2017-12-07 04:43:44.552 [12394] LOG_TRACE pkt lost:1, last=12,current=14 broadcast_server.cpp:108
2017-12-07 04:43:44.612 [12394] LOG_TRACE pkt lost:1, last=17,current=19 broadcast_server.cpp:108
2017-12-07 04:43:44.711 [12394] LOG_TRACE pkt lost:1, last=22,current=24 broadcast_server.cpp:108
2017-12-07 04:43:44.752 [12394] LOG_TRACE pkt lost:1, last=25,current=27 broadcast_server.cpp:108
2017-12-07 04:43:44.762 [12394] LOG_TRACE pkt lost:1, last=27,current=29 broadcast_server.cpp:108
2017-12-07 04:43:44.812 [12394] LOG_TRACE pkt lost:1, last=31,current=33 broadcast_server.cpp:108
2017-12-07 04:43:44.892 [12394] LOG_TRACE pkt lost:3, last=37,current=41 broadcast_server.cpp:108
2017-12-07 04:43:45.025 [12394] LOG_TRACE pkt lost:2, last=43,current=46 broadcast_server.cpp:108
2017-12-07 04:43:45.102 [12394] LOG_TRACE pkt lost:2, last=50,current=53 broadcast_server.cpp:108
2017-12-07 04:43:45.132 [12394] LOG_TRACE pkt lost:4, last=54,current=59 broadcast_server.cpp:108
2017-12-07 04:43:45.330 [12394] LOG_TRACE pkt lost:2, last=64,current=67 broadcast_server.cpp:108
2017-12-07 04:43:45.392 [12394] LOG_TRACE pkt lost:1, last=70,current=72 broadcast_server.cpp:108
2017-12-07 04:43:45.402 [12394] LOG_TRACE pkt lost:2, last=72,current=75 broadcast_server.cpp:108
2017-12-07 04:43:45.452 [12394] LOG_TRACE pkt lost:1, last=77,current=79 broadcast_server.cpp:108
2017-12-07 04:43:45.631 [12394] LOG_TRACE pkt lost:3, last=81,current=85 broadcast_server.cpp:108
2017-12-07 04:43:45.652 [12394] LOG_TRACE pkt lost:1, last=87,current=89 broadcast_server.cpp:108
2017-12-07 04:43:45.672 [12394] LOG_TRACE pkt lost:3, last=89,current=93 broadcast_server.cpp:108
2017-12-07 04:43:45.782 [12394] LOG_TRACE pkt lost:1, last=99,current=101 broadcast_server.cpp:108
2017-12-07 04:43:45.812 [12394] LOG_TRACE pkt lost:2, last=102,current=105 broadcast_server.cpp:108
2017-12-07 04:43:46.012 [12394] LOG_TRACE pkt lost:1, last=111,current=113 broadcast_server.cpp:108
2017-12-07 04:43:46.052 [12394] LOG_TRACE pkt lost:1, last=115,current=117 broadcast_server.cpp:108
2017-12-07 04:43:46.092 [12394] LOG_TRACE pkt lost:2, last=118,current=121 broadcast_server.cpp:108
2017-12-07 04:43:46.122 [12394] LOG_TRACE pkt lost:1, last=122,current=124 broadcast_server.cpp:108
2017-12-07 04:43:46.244 [12394] LOG_TRACE pkt lost:1, last=125,current=127 broadcast_server.cpp:108
2017-12-07 04:43:46.248 [12394] LOG_TRACE pkt lost:1, last=128,current=130 broadcast_server.cpp:108
2017-12-07 04:43:46.272 [12394] LOG_TRACE pkt lost:3, last=130,current=134 broadcast_server.cpp:108
2017-12-07 04:43:46.322 [12394] LOG_TRACE pkt lost:3, last=136,current=140 broadcast_server.cpp:108
2017-12-07 04:43:46.553 [12394] LOG_TRACE pkt lost:2, last=146,current=149 broadcast_server.cpp:108
2017-12-07 04:43:46.559 [12394] LOG_TRACE pkt lost:3, last=149,current=153 broadcast_server.cpp:108
2017-12-07 04:43:46.662 [12394] LOG_TRACE pkt lost:6, last=159,current=166 broadcast_server.cpp:108
2017-12-07 04:43:46.858 [12394] LOG_TRACE pkt lost:1, last=168,current=170 broadcast_server.cpp:108
2017-12-07 04:43:46.874 [12394] LOG_TRACE pkt lost:1, last=170,current=172 broadcast_server.cpp:108
2017-12-07 04:43:46.952 [12394] LOG_TRACE pkt lost:1, last=177,current=179 broadcast_server.cpp:108
2017-12-07 04:43:47.012 [12394] LOG_TRACE pkt lost:1, last=182,current=184 broadcast_server.cpp:108
2017-12-07 04:43:47.160 [12394] LOG_TRACE pkt lost:1, last=188,current=190 broadcast_server.cpp:108
2017-12-07 04:43:47.182 [12394] LOG_TRACE pkt lost:1, last=192,current=194 broadcast_server.cpp:108
2017-12-07 04:43:47.322 [12394] LOG_TRACE pkt lost:4, last=202,current=207 broadcast_server.cpp:108
2017-12-07 04:43:47.493 [12394] LOG_TRACE pkt lost:8, last=208,current=217 broadcast_server.cpp:108
2017-12-07 04:43:47.497 [12394] LOG_TRACE pkt lost:1, last=217,current=219 broadcast_server.cpp:108
2017-12-07 04:43:47.582 [12394] LOG_TRACE pkt lost:4, last=224,current=229 broadcast_server.cpp:108
2017-12-07 04:43:47.776 [12394] LOG_TRACE pkt lost:1, last=232,current=234 broadcast_server.cpp:108
2017-12-07 04:43:47.802 [12394] LOG_TRACE pkt lost:4, last=236,current=241 broadcast_server.cpp:108
2017-12-07 04:43:47.822 [12394] LOG_TRACE pkt lost:2, last=241,current=244 broadcast_server.cpp:108
2017-12-07 04:43:47.832 [12394] LOG_TRACE pkt lost:1, last=244,current=246 broadcast_server.cpp:108
2017-12-07 04:43:48.087 [12394] LOG_TRACE pkt lost:6, last=247,current=254 broadcast_server.cpp:108
2017-12-07 04:43:48.089 [12394] LOG_TRACE pkt lost:0, last=254,current=0 broadcast_server.cpp:108
2017-12-07 04:43:48.142 [12394] LOG_TRACE pkt lost:2, last=3,current=6 broadcast_server.cpp:108
2017-12-07 04:43:48.172 [12394] LOG_TRACE pkt lost:1, last=7,current=9 broadcast_server.cpp:108
2017-12-07 04:43:48.202 [12394] LOG_TRACE pkt lost:2, last=10,current=13 broadcast_server.cpp:108
2017-12-07 04:43:48.252 [12394] LOG_TRACE pkt lost:1, last=15,current=17 broadcast_server.cpp:108
2017-12-07 04:43:48.442 [12394] LOG_TRACE pkt lost:4, last=22,current=27 broadcast_server.cpp:108
2017-12-07 04:43:48.482 [12394] LOG_TRACE pkt lost:1, last=29,current=31 broadcast_server.cpp:108
2017-12-07 04:43:48.502 [12394] LOG_TRACE pkt lost:3, last=31,current=35 broadcast_server.cpp:108
2017-12-07 04:43:48.812 [12394] LOG_TRACE pkt lost:3, last=48,current=52 broadcast_server.cpp:108
2017-12-07 04:43:48.832 [12394] LOG_TRACE pkt lost:1, last=52,current=54 broadcast_server.cpp:108
2017-12-07 04:43:49.142 [12394] LOG_TRACE pkt lost:2, last=70,current=73 broadcast_server.cpp:108
2017-12-07 04:43:49.202 [12394] LOG_TRACE pkt lost:1, last=76,current=78 broadcast_server.cpp:108
2017-12-07 04:43:49.322 [12394] LOG_TRACE pkt lost:4, last=79,current=84 broadcast_server.cpp:108
2017-12-07 04:43:49.332 [12394] LOG_TRACE pkt lost:1, last=84,current=86 broadcast_server.cpp:108
2017-12-07 04:43:49.347 [12394] LOG_TRACE pkt lost:2, last=86,current=89 broadcast_server.cpp:108
2017-12-07 04:43:49.412 [12394] LOG_TRACE pkt lost:1, last=93,current=95 broadcast_server.cpp:108
2017-12-07 04:43:49.432 [12394] LOG_TRACE pkt lost:2, last=95,current=98 broadcast_server.cpp:108
2017-12-07 04:43:49.462 [12394] LOG_TRACE pkt lost:1, last=99,current=101 broadcast_server.cpp:108
2017-12-07 04:43:49.620 [12394] LOG_TRACE pkt lost:1, last=102,current=104 broadcast_server.cpp:108
2017-12-07 04:43:49.722 [12394] LOG_TRACE pkt lost:2, last=111,current=114 broadcast_server.cpp:108
2017-12-07 04:43:49.952 [12394] LOG_TRACE pkt lost:1, last=127,current=129 broadcast_server.cpp:108
2017-12-07 04:43:50.142 [12394] LOG_TRACE pkt lost:1, last=140,current=142 broadcast_server.cpp:108
2017-12-07 04:43:50.235 [12394] LOG_TRACE pkt lost:3, last=142,current=146 broadcast_server.cpp:108
2017-12-07 04:43:50.282 [12394] LOG_TRACE pkt lost:2, last=149,current=152 broadcast_server.cpp:108
2017-12-07 04:43:50.392 [12394] LOG_TRACE pkt lost:1, last=158,current=160 broadcast_server.cpp:108
2017-12-07 04:43:50.422 [12394] LOG_TRACE pkt lost:1, last=161,current=163 broadcast_server.cpp:108
2017-12-07 04:43:50.539 [12394] LOG_TRACE pkt lost:1, last=166,current=168 broadcast_server.cpp:108
2017-12-07 04:43:50.562 [12394] LOG_TRACE pkt lost:2, last=170,current=173 broadcast_server.cpp:108
2017-12-07 04:43:50.642 [12394] LOG_TRACE pkt lost:1, last=177,current=179 broadcast_server.cpp:108
2017-12-07 04:43:50.902 [12394] LOG_TRACE pkt lost:1, last=192,current=194 broadcast_server.cpp:108
2017-12-07 04:43:51.072 [12394] LOG_TRACE pkt lost:2, last=204,current=207 broadcast_server.cpp:108
2017-12-07 04:43:51.152 [12394] LOG_TRACE pkt lost:1, last=207,current=209 broadcast_server.cpp:108
2017-12-07 04:43:51.262 [12394] LOG_TRACE pkt lost:3, last=216,current=220 broadcast_server.cpp:108
2017-12-07 04:43:51.342 [12394] LOG_TRACE pkt lost:1, last=224,current=226 broadcast_server.cpp:108
2017-12-07 04:43:51.372 [12394] LOG_TRACE pkt lost:1, last=227,current=229 broadcast_server.cpp:108
2017-12-07 04:43:51.572 [12394] LOG_TRACE pkt lost:3, last=238,current=242 broadcast_server.cpp:108
2017-12-07 04:43:51.872 [12394] LOG_TRACE pkt lost:2, last=3,current=6 broadcast_server.cpp:108
2017-12-07 04:43:52.802 [12394] LOG_TRACE pkt lost:1, last=64,current=66 broadcast_server.cpp:108
2017-12-07 04:43:52.832 [12394] LOG_TRACE pkt lost:1, last=67,current=69 broadcast_server.cpp:108
2017-12-07 04:43:52.902 [12394] LOG_TRACE pkt lost:1, last=72,current=74 broadcast_server.cpp:108
2017-12-07 04:43:52.932 [12394] LOG_TRACE pkt lost:2, last=75,current=78 broadcast_server.cpp:108
2017-12-07 04:43:53.242 [12394] LOG_TRACE pkt lost:3, last=97,current=101 broadcast_server.cpp:108
2017-12-07 04:43:53.352 [12394] LOG_TRACE pkt lost:1, last=105,current=107 broadcast_server.cpp:108
2017-12-07 04:43:53.412 [12394] LOG_TRACE pkt lost:1, last=110,current=112 broadcast_server.cpp:108
2017-12-07 04:43:53.502 [12394] LOG_TRACE pkt lost:2, last=117,current=120 broadcast_server.cpp:108
2017-12-07 04:43:53.611 [12394] LOG_TRACE pkt lost:1, last=121,current=123 broadcast_server.cpp:108
2017-12-07 04:43:53.613 [12394] LOG_TRACE pkt lost:1, last=123,current=125 broadcast_server.cpp:108
2017-12-07 04:43:53.782 [12394] LOG_TRACE pkt lost:1, last=135,current=137 broadcast_server.cpp:108
2017-12-07 04:43:54.132 [12394] LOG_TRACE pkt lost:1, last=158,current=160 broadcast_server.cpp:108
2017-12-07 04:43:54.282 [12394] LOG_TRACE pkt lost:2, last=169,current=172 broadcast_server.cpp:108
2017-12-07 04:43:54.312 [12394] LOG_TRACE pkt lost:2, last=173,current=176 broadcast_server.cpp:108
2017-12-07 04:43:54.382 [12394] LOG_TRACE pkt lost:1, last=179,current=181 broadcast_server.cpp:108
2017-12-07 04:43:54.392 [12394] LOG_TRACE pkt lost:2, last=181,current=184 broadcast_server.cpp:108
2017-12-07 04:43:54.536 [12394] LOG_TRACE pkt lost:2, last=186,current=189 broadcast_server.cpp:108
2017-12-07 04:43:54.582 [12394] LOG_TRACE pkt lost:1, last=191,current=193 broadcast_server.cpp:108
2017-12-07 04:43:54.612 [12394] LOG_TRACE pkt lost:3, last=194,current=198 broadcast_server.cpp:108
2017-12-07 04:43:54.672 [12394] LOG_TRACE pkt lost:1, last=201,current=203 broadcast_server.cpp:108
2017-12-07 04:43:54.841 [12394] LOG_TRACE pkt lost:1, last=207,current=209 broadcast_server.cpp:108
2017-12-07 04:43:54.875 [12394] LOG_TRACE pkt lost:2, last=211,current=214 broadcast_server.cpp:108
2017-12-07 04:43:54.901 [12394] LOG_TRACE pkt lost:1, last=214,current=216 broadcast_server.cpp:108
2017-12-07 04:43:54.918 [12394] LOG_TRACE pkt lost:1, last=217,current=219 broadcast_server.cpp:108
2017-12-07 04:43:54.972 [12394] LOG_TRACE pkt lost:4, last=222,current=227 broadcast_server.cpp:108
2017-12-07 04:43:55.143 [12394] LOG_TRACE pkt lost:1, last=227,current=229 broadcast_server.cpp:108
2017-12-07 04:43:55.156 [12394] LOG_TRACE pkt lost:2, last=230,current=233 broadcast_server.cpp:108
2017-12-07 04:43:55.172 [12394] LOG_TRACE pkt lost:1, last=233,current=235 broadcast_server.cpp:108
2017-12-07 04:43:55.202 [12394] LOG_TRACE pkt lost:1, last=236,current=238 broadcast_server.cpp:108
2017-12-07 04:43:55.222 [12394] LOG_TRACE pkt lost:1, last=238,current=240 broadcast_server.cpp:108
2017-12-07 04:43:55.454 [12394] LOG_TRACE pkt lost:1, last=248,current=250 broadcast_server.cpp:108
2017-12-07 04:43:55.872 [12394] LOG_TRACE pkt lost:1, last=21,current=23 broadcast_server.cpp:108
2017-12-07 04:43:56.812 [12394] LOG_TRACE pkt lost:1, last=82,current=84 broadcast_server.cpp:108
2017-12-07 04:43:56.922 [12394] LOG_TRACE pkt lost:1, last=90,current=92 broadcast_server.cpp:108
2017-12-07 04:43:56.932 [12394] LOG_TRACE pkt lost:1, last=92,current=94 broadcast_server.cpp:108
2017-12-07 04:43:56.982 [12394] LOG_TRACE pkt lost:1, last=96,current=98 broadcast_server.cpp:108
2017-12-07 04:43:57.072 [12394] LOG_TRACE pkt lost:3, last=103,current=107 broadcast_server.cpp:108
2017-12-07 04:43:57.092 [12394] LOG_TRACE pkt lost:2, last=107,current=110 broadcast_server.cpp:108
2017-12-07 04:43:57.152 [12394] LOG_TRACE pkt lost:1, last=113,current=115 broadcast_server.cpp:108
2017-12-07 04:43:57.202 [12394] LOG_TRACE pkt lost:1, last=117,current=119 broadcast_server.cpp:108
2017-12-07 04:43:57.382 [12394] LOG_TRACE pkt lost:1, last=126,current=128 broadcast_server.cpp:108
2017-12-07 04:43:57.604 [12394] LOG_TRACE pkt lost:2, last=139,current=142 broadcast_server.cpp:108
2017-12-07 04:43:57.632 [12394] LOG_TRACE pkt lost:2, last=144,current=147 broadcast_server.cpp:108
2017-12-07 04:43:57.652 [12394] LOG_TRACE pkt lost:1, last=147,current=149 broadcast_server.cpp:108
2017-12-07 04:43:57.802 [12394] LOG_TRACE pkt lost:1, last=158,current=160 broadcast_server.cpp:108
2017-12-07 04:43:57.910 [12394] LOG_TRACE pkt lost:1, last=161,current=163 broadcast_server.cpp:108
2017-12-07 04:43:58.042 [12394] LOG_TRACE pkt lost:1, last=172,current=174 broadcast_server.cpp:108
2017-12-07 04:43:58.122 [12394] LOG_TRACE pkt lost:1, last=178,current=180 broadcast_server.cpp:108
2017-12-07 04:43:58.222 [12394] LOG_TRACE pkt lost:1, last=185,current=187 broadcast_server.cpp:108
2017-12-07 04:43:58.241 [12394] LOG_TRACE pkt lost:1, last=187,current=189 broadcast_server.cpp:108
2017-12-07 04:43:58.292 [12394] LOG_TRACE pkt lost:1, last=191,current=193 broadcast_server.cpp:108
2017-12-07 04:43:58.332 [12394] LOG_TRACE pkt lost:1, last=195,current=197 broadcast_server.cpp:108
2017-12-07 04:43:58.352 [12394] LOG_TRACE pkt lost:1, last=197,current=199 broadcast_server.cpp:108
2017-12-07 04:43:58.382 [12394] LOG_TRACE pkt lost:1, last=200,current=202 broadcast_server.cpp:108
2017-12-07 04:43:58.523 [12394] LOG_TRACE pkt lost:1, last=205,current=207 broadcast_server.cpp:108
2017-12-07 04:43:58.632 [12394] LOG_TRACE pkt lost:1, last=214,current=216 broadcast_server.cpp:108
2017-12-07 04:43:58.932 [12394] LOG_TRACE pkt lost:3, last=233,current=237 broadcast_server.cpp:108
2017-12-07 04:43:58.962 [12394] LOG_TRACE pkt lost:2, last=238,current=241 broadcast_server.cpp:108
2017-12-07 04:43:58.982 [12394] LOG_TRACE pkt lost:1, last=241,current=243 broadcast_server.cpp:108
2017-12-07 04:43:59.012 [12394] LOG_TRACE pkt lost:1, last=244,current=246 broadcast_server.cpp:108
2017-12-07 04:43:59.162 [12394] LOG_TRACE pkt lost:1, last=250,current=252 broadcast_server.cpp:108
2017-12-07 04:43:59.252 [12394] LOG_TRACE pkt lost:1, last=1,current=3 broadcast_server.cpp:108
2017-12-07 04:43:59.352 [12394] LOG_TRACE pkt lost:1, last=8,current=10 broadcast_server.cpp:108
2017-12-07 04:43:59.446 [12394] LOG_TRACE pkt lost:1, last=12,current=14 broadcast_server.cpp:108
2017-12-07 04:43:59.522 [12394] LOG_TRACE pkt lost:1, last=19,current=21 broadcast_server.cpp:108
2017-12-07 04:43:59.532 [12394] LOG_TRACE pkt lost:1, last=21,current=23 broadcast_server.cpp:108
2017-12-07 04:43:59.552 [12394] LOG_TRACE pkt lost:4, last=23,current=28 broadcast_server.cpp:108
2017-12-07 04:43:59.602 [12394] LOG_TRACE pkt lost:1, last=30,current=32 broadcast_server.cpp:108
2017-12-07 04:43:59.768 [12394] LOG_TRACE pkt lost:1, last=34,current=36 broadcast_server.cpp:108
2017-12-07 04:43:59.771 [12394] LOG_TRACE pkt lost:1, last=36,current=38 broadcast_server.cpp:108
2017-12-07 04:43:59.832 [12394] LOG_TRACE pkt lost:2, last=41,current=44 broadcast_server.cpp:108
2017-12-07 04:43:59.912 [12394] LOG_TRACE pkt lost:1, last=48,current=50 broadcast_server.cpp:108
2017-12-07 04:44:00.103 [12394] LOG_TRACE pkt lost:1, last=58,current=60 broadcast_server.cpp:108
2017-12-07 04:44:00.106 [12394] LOG_TRACE pkt lost:1, last=60,current=62 broadcast_server.cpp:108
2017-12-07 04:44:00.132 [12394] LOG_TRACE pkt lost:1, last=63,current=65 broadcast_server.cpp:108
2017-12-07 04:44:00.152 [12394] LOG_TRACE pkt lost:1, last=65,current=67 broadcast_server.cpp:108
2017-12-07 04:44:00.162 [12394] LOG_TRACE pkt lost:2, last=67,current=70 broadcast_server.cpp:108
2017-12-07 04:44:00.182 [12394] LOG_TRACE pkt lost:2, last=70,current=73 broadcast_server.cpp:108
2017-12-07 04:44:00.368 [12394] LOG_TRACE pkt lost:1, last=78,current=80 broadcast_server.cpp:108
2017-12-07 04:44:00.412 [12394] LOG_TRACE pkt lost:5, last=81,current=87 broadcast_server.cpp:108
2017-12-07 04:44:00.673 [12394] LOG_TRACE pkt lost:1, last=96,current=98 broadcast_server.cpp:108
2017-12-07 04:44:00.762 [12394] LOG_TRACE pkt lost:2, last=104,current=107 broadcast_server.cpp:108
2017-12-07 04:44:00.832 [12394] LOG_TRACE pkt lost:1, last=110,current=112 broadcast_server.cpp:108
2017-12-07 04:44:00.902 [12394] LOG_TRACE pkt lost:1, last=116,current=118 broadcast_server.cpp:108
2017-12-07 04:44:00.990 [12394] LOG_TRACE pkt lost:1, last=119,current=121 broadcast_server.cpp:108
2017-12-07 04:44:00.997 [12394] LOG_TRACE pkt lost:1, last=121,current=123 broadcast_server.cpp:108
2017-12-07 04:44:01.102 [12394] LOG_TRACE pkt lost:1, last=129,current=131 broadcast_server.cpp:108
2017-12-07 04:44:01.122 [12394] LOG_TRACE pkt lost:1, last=131,current=133 broadcast_server.cpp:108
2017-12-07 04:44:01.142 [12394] LOG_TRACE pkt lost:1, last=133,current=135 broadcast_server.cpp:108
2017-12-07 04:44:01.336 [12394] LOG_TRACE pkt lost:12, last=135,current=148 broadcast_server.cpp:108
2017-12-07 04:44:01.362 [12394] LOG_TRACE pkt lost:1, last=150,current=152 broadcast_server.cpp:108
2017-12-07 04:44:01.412 [12394] LOG_TRACE pkt lost:5, last=154,current=160 broadcast_server.cpp:108
2017-12-07 04:44:01.622 [12394] LOG_TRACE pkt lost:1, last=163,current=165 broadcast_server.cpp:108
2017-12-07 04:44:01.672 [12394] LOG_TRACE pkt lost:3, last=167,current=171 broadcast_server.cpp:108
2017-12-07 04:44:01.732 [12394] LOG_TRACE pkt lost:6, last=174,current=181 broadcast_server.cpp:108
2017-12-07 04:44:01.909 [12394] LOG_TRACE pkt lost:1, last=181,current=183 broadcast_server.cpp:108
2017-12-07 04:44:01.932 [12394] LOG_TRACE pkt lost:1, last=185,current=187 broadcast_server.cpp:108
2017-12-07 04:44:01.992 [12394] LOG_TRACE pkt lost:1, last=190,current=192 broadcast_server.cpp:108
2017-12-07 04:44:02.012 [12394] LOG_TRACE pkt lost:2, last=192,current=195 broadcast_server.cpp:108
2017-12-07 04:44:02.042 [12394] LOG_TRACE pkt lost:1, last=196,current=198 broadcast_server.cpp:108
2017-12-07 04:44:02.216 [12394] LOG_TRACE pkt lost:4, last=199,current=204 broadcast_server.cpp:108
2017-12-07 04:44:02.242 [12394] LOG_TRACE pkt lost:1, last=206,current=208 broadcast_server.cpp:108
2017-12-07 04:44:02.322 [12394] LOG_TRACE pkt lost:1, last=212,current=214 broadcast_server.cpp:108
2017-12-07 04:44:02.351 [12394] LOG_TRACE pkt lost:1, last=215,current=217 broadcast_server.cpp:108
2017-12-07 04:44:02.382 [12394] LOG_TRACE pkt lost:1, last=218,current=220 broadcast_server.cpp:108
2017-12-07 04:44:02.432 [12394] LOG_TRACE pkt lost:1, last=222,current=224 broadcast_server.cpp:108
2017-12-07 04:44:02.525 [12394] LOG_TRACE pkt lost:1, last=224,current=226 broadcast_server.cpp:108
2017-12-07 04:44:02.539 [12394] LOG_TRACE pkt lost:1, last=226,current=228 broadcast_server.cpp:108
2017-12-07 04:44:02.560 [12394] LOG_TRACE pkt lost:3, last=228,current=232 broadcast_server.cpp:108
2017-12-07 04:44:02.582 [12394] LOG_TRACE pkt lost:1, last=234,current=236 broadcast_server.cpp:108
2017-12-07 04:44:02.602 [12394] LOG_TRACE pkt lost:2, last=236,current=239 broadcast_server.cpp:108
2017-12-07 04:44:02.662 [12394] LOG_TRACE pkt lost:2, last=242,current=245 broadcast_server.cpp:108
2017-12-07 04:44:02.833 [12394] LOG_TRACE pkt lost:1, last=247,current=249 broadcast_server.cpp:108
2017-12-07 04:44:02.902 [12394] LOG_TRACE pkt lost:2, last=253,current=1 broadcast_server.cpp:108
2017-12-07 04:44:02.922 [12394] LOG_TRACE pkt lost:1, last=1,current=3 broadcast_server.cpp:108
2017-12-07 04:44:02.932 [12394] LOG_TRACE pkt lost:3, last=3,current=7 broadcast_server.cpp:108
2017-12-07 04:44:03.132 [12394] LOG_TRACE pkt lost:4, last=7,current=12 broadcast_server.cpp:108
2017-12-07 04:44:03.142 [12394] LOG_TRACE pkt lost:1, last=13,current=15 broadcast_server.cpp:108
2017-12-07 04:44:03.161 [12394] LOG_TRACE pkt lost:1, last=15,current=17 broadcast_server.cpp:108
2017-12-07 04:44:03.212 [12394] LOG_TRACE pkt lost:4, last=19,current=24 broadcast_server.cpp:108
2017-12-07 04:44:03.292 [12394] LOG_TRACE pkt lost:1, last=28,current=30 broadcast_server.cpp:108
2017-12-07 04:44:03.437 [12394] LOG_TRACE pkt lost:1, last=30,current=32 broadcast_server.cpp:108
2017-12-07 04:44:03.448 [12394] LOG_TRACE pkt lost:1, last=32,current=34 broadcast_server.cpp:108
2017-12-07 04:44:03.462 [12394] LOG_TRACE pkt lost:1, last=35,current=37 broadcast_server.cpp:108
2017-12-07 04:44:03.482 [12394] LOG_TRACE pkt lost:1, last=37,current=39 broadcast_server.cpp:108
2017-12-07 04:44:03.522 [12394] LOG_TRACE pkt lost:2, last=41,current=44 broadcast_server.cpp:108
2017-12-07 04:44:03.542 [12394] LOG_TRACE pkt lost:2, last=44,current=47 broadcast_server.cpp:108
2017-12-07 04:44:03.592 [12394] LOG_TRACE pkt lost:1, last=49,current=51 broadcast_server.cpp:108
2017-12-07 04:44:03.851 [12394] LOG_TRACE pkt lost:2, last=61,current=64 broadcast_server.cpp:108
2017-12-07 04:44:03.902 [12394] LOG_TRACE pkt lost:1, last=66,current=68 broadcast_server.cpp:108
2017-12-07 04:44:03.912 [12394] LOG_TRACE pkt lost:1, last=68,current=70 broadcast_server.cpp:108
2017-12-07 04:44:04.053 [12394] LOG_TRACE pkt lost:1, last=73,current=75 broadcast_server.cpp:108
2017-12-07 04:44:04.082 [12394] LOG_TRACE pkt lost:2, last=77,current=80 broadcast_server.cpp:108
2017-12-07 04:44:04.366 [12394] LOG_TRACE pkt lost:3, last=95,current=99 broadcast_server.cpp:108
2017-12-07 04:44:04.392 [12394] LOG_TRACE pkt lost:1, last=101,current=103 broadcast_server.cpp:108
2017-12-07 04:44:04.452 [12394] LOG_TRACE pkt lost:2, last=106,current=109 broadcast_server.cpp:108
2017-12-07 04:44:04.472 [12394] LOG_TRACE pkt lost:3, last=109,current=113 broadcast_server.cpp:108
2017-12-07 04:44:04.671 [12394] LOG_TRACE pkt lost:2, last=115,current=118 broadcast_server.cpp:108
2017-12-07 04:44:04.674 [12394] LOG_TRACE pkt lost:1, last=119,current=121 broadcast_server.cpp:108
2017-12-07 04:44:04.722 [12394] LOG_TRACE pkt lost:3, last=122,current=126 broadcast_server.cpp:108
2017-12-07 04:44:04.762 [12394] LOG_TRACE pkt lost:2, last=128,current=131 broadcast_server.cpp:108
2017-12-07 04:44:04.974 [12394] LOG_TRACE pkt lost:4, last=133,current=138 broadcast_server.cpp:108
2017-12-07 04:44:07.022 [12394] LOG_TRACE pkt lost:3, last=145,current=149 broadcast_server.cpp:108
2017-12-07 04:44:07.126 [12394] LOG_TRACE pkt lost:137, last=149,current=32 broadcast_server.cpp:108
2017-12-07 04:44:08.785 [12394] LOG_TRACE pkt lost:2, last=33,current=36 broadcast_server.cpp:108
2017-12-07 04:44:08.787 [12394] LOG_TRACE pkt lost:2, last=36,current=39 broadcast_server.cpp:108
2017-12-07 04:44:08.812 [12394] LOG_TRACE pkt lost:2, last=39,current=42 broadcast_server.cpp:108
2017-12-07 04:44:08.968 [12394] LOG_TRACE pkt lost:113, last=44,current=158 broadcast_server.cpp:108
2017-12-07 04:44:08.992 [12394] LOG_TRACE pkt lost:1, last=160,current=162 broadcast_server.cpp:108
2017-12-07 04:44:09.022 [12394] LOG_TRACE pkt lost:2, last=163,current=166 broadcast_server.cpp:108
2017-12-07 04:44:09.042 [12394] LOG_TRACE pkt lost:8, last=166,current=175 broadcast_server.cpp:108
2017-12-07 04:44:09.052 [12394] LOG_TRACE pkt lost:1, last=175,current=177 broadcast_server.cpp:108
2017-12-07 04:44:09.269 [12394] LOG_TRACE pkt lost:1, last=178,current=180 broadcast_server.cpp:108
2017-12-07 04:44:09.276 [12394] LOG_TRACE pkt lost:2, last=181,current=184 broadcast_server.cpp:108
2017-12-07 04:44:09.312 [12394] LOG_TRACE pkt lost:1, last=185,current=187 broadcast_server.cpp:108
2017-12-07 04:44:09.580 [12394] LOG_TRACE pkt lost:1, last=199,current=201 broadcast_server.cpp:108
2017-12-07 04:44:09.681 [12394] LOG_TRACE pkt lost:1, last=208,current=210 broadcast_server.cpp:108
2017-12-07 04:44:09.712 [12394] LOG_TRACE pkt lost:1, last=211,current=213 broadcast_server.cpp:108
2017-12-07 04:44:09.923 [12394] LOG_TRACE pkt lost:2, last=221,current=224 broadcast_server.cpp:108
2017-12-07 04:44:09.936 [12394] LOG_TRACE pkt lost:1, last=224,current=226 broadcast_server.cpp:108
2017-12-07 04:44:09.982 [12394] LOG_TRACE pkt lost:1, last=229,current=231 broadcast_server.cpp:108
2017-12-07 04:44:10.012 [12394] LOG_TRACE pkt lost:1, last=232,current=234 broadcast_server.cpp:108
2017-12-07 04:44:10.042 [12394] LOG_TRACE pkt lost:1, last=235,current=237 broadcast_server.cpp:108
2017-12-07 04:44:10.191 [12394] LOG_TRACE pkt lost:1, last=240,current=242 broadcast_server.cpp:108
2017-12-07 04:44:10.193 [12394] LOG_TRACE pkt lost:1, last=242,current=244 broadcast_server.cpp:108
2017-12-07 04:44:10.242 [12394] LOG_TRACE pkt lost:1, last=247,current=249 broadcast_server.cpp:108
2017-12-07 04:44:10.272 [12394] LOG_TRACE pkt lost:1, last=250,current=252 broadcast_server.cpp:108
2017-12-07 04:44:10.322 [12394] LOG_TRACE pkt lost:0, last=254,current=0 broadcast_server.cpp:108
2017-12-07 04:44:10.342 [12394] LOG_TRACE pkt lost:1, last=0,current=2 broadcast_server.cpp:108
2017-12-07 04:44:10.372 [12394] LOG_TRACE pkt lost:1, last=3,current=5 broadcast_server.cpp:108
2017-12-07 04:44:10.498 [12394] LOG_TRACE pkt lost:1, last=5,current=7 broadcast_server.cpp:108
2017-12-07 04:44:10.552 [12394] LOG_TRACE pkt lost:3, last=11,current=15 broadcast_server.cpp:108
2017-12-07 04:44:10.582 [12394] LOG_TRACE pkt lost:2, last=16,current=19 broadcast_server.cpp:108
2017-12-07 04:44:10.827 [12394] LOG_TRACE pkt lost:1, last=29,current=31 broadcast_server.cpp:108
2017-12-07 04:44:10.862 [12394] LOG_TRACE pkt lost:2, last=33,current=36 broadcast_server.cpp:108
2017-12-07 04:44:10.872 [12394] LOG_TRACE pkt lost:1, last=36,current=38 broadcast_server.cpp:108
2017-12-07 04:44:10.892 [12394] LOG_TRACE pkt lost:4, last=38,current=43 broadcast_server.cpp:108
2017-12-07 04:44:10.902 [12394] LOG_TRACE pkt lost:1, last=43,current=45 broadcast_server.cpp:108
2017-12-07 04:44:10.922 [12394] LOG_TRACE pkt lost:3, last=45,current=49 broadcast_server.cpp:108
2017-12-07 04:44:11.202 [12394] LOG_TRACE pkt lost:1, last=56,current=58 broadcast_server.cpp:108
2017-12-07 04:44:11.252 [12394] LOG_TRACE pkt lost:1, last=60,current=62 broadcast_server.cpp:108
2017-12-07 04:44:11.282 [12394] LOG_TRACE pkt lost:2, last=63,current=66 broadcast_server.cpp:108
2017-12-07 04:44:11.552 [12394] LOG_TRACE pkt lost:5, last=80,current=86 broadcast_server.cpp:108
2017-12-07 04:44:11.796 [12394] LOG_TRACE pkt lost:21, last=86,current=108 broadcast_server.cpp:108
2017-12-07 04:44:11.822 [12394] LOG_TRACE pkt lost:1, last=110,current=112 broadcast_server.cpp:108
2017-12-07 04:44:12.069 [12394] LOG_TRACE pkt lost:4, last=112,current=117 broadcast_server.cpp:108
2017-12-07 04:44:12.078 [12394] LOG_TRACE pkt lost:2, last=117,current=120 broadcast_server.cpp:108
2017-12-07 04:44:12.112 [12394] LOG_TRACE pkt lost:1, last=122,current=124 broadcast_server.cpp:108
2017-12-07 04:44:12.355 [12394] LOG_TRACE pkt lost:5, last=131,current=137 broadcast_server.cpp:108
2017-12-07 04:44:12.648 [12394] LOG_TRACE pkt lost:14, last=141,current=156 broadcast_server.cpp:108
2017-12-07 04:44:12.722 [12394] LOG_TRACE pkt lost:1, last=161,current=163 broadcast_server.cpp:108
2017-12-07 04:44:12.752 [12394] LOG_TRACE pkt lost:1, last=164,current=166 broadcast_server.cpp:108
2017-12-07 04:44:12.802 [12394] LOG_TRACE pkt lost:1, last=168,current=170 broadcast_server.cpp:108
2017-12-07 04:44:13.392 [12394] LOG_TRACE pkt lost:1, last=205,current=207 broadcast_server.cpp:108
2017-12-07 04:44:13.602 [12394] LOG_TRACE pkt lost:1, last=220,current=222 broadcast_server.cpp:108
2017-12-07 04:44:13.622 [12394] LOG_TRACE pkt lost:3, last=222,current=226 broadcast_server.cpp:108
2017-12-07 04:44:13.682 [12394] LOG_TRACE pkt lost:1, last=229,current=231 broadcast_server.cpp:108
2017-12-07 04:44:13.932 [12394] LOG_TRACE pkt lost:1, last=244,current=246 broadcast_server.cpp:108
2017-12-07 04:44:14.012 [12394] LOG_TRACE pkt lost:2, last=250,current=253 broadcast_server.cpp:108
2017-12-07 04:44:14.187 [12394] LOG_TRACE pkt lost:1, last=5,current=7 broadcast_server.cpp:108
2017-12-07 04:44:14.272 [12394] LOG_TRACE pkt lost:1, last=12,current=14 broadcast_server.cpp:108
2017-12-07 04:44:14.291 [12394] LOG_TRACE pkt lost:1, last=14,current=16 broadcast_server.cpp:108
2017-12-07 04:44:14.322 [12394] LOG_TRACE pkt lost:1, last=17,current=19 broadcast_server.cpp:108
2017-12-07 04:44:14.342 [12394] LOG_TRACE pkt lost:1, last=19,current=21 broadcast_server.cpp:108
2017-12-07 04:44:14.372 [12394] LOG_TRACE pkt lost:1, last=22,current=24 broadcast_server.cpp:108
2017-12-07 04:44:14.503 [12394] LOG_TRACE pkt lost:1, last=26,current=28 broadcast_server.cpp:108
2017-12-07 04:44:14.582 [12394] LOG_TRACE pkt lost:3, last=33,current=37 broadcast_server.cpp:108
2017-12-07 04:44:14.592 [12394] LOG_TRACE pkt lost:1, last=37,current=39 broadcast_server.cpp:108
2017-12-07 04:44:14.611 [12394] LOG_TRACE pkt lost:1, last=39,current=41 broadcast_server.cpp:108
2017-12-07 04:44:14.642 [12394] LOG_TRACE pkt lost:1, last=42,current=44 broadcast_server.cpp:108
2017-12-07 04:44:14.807 [12394] LOG_TRACE pkt lost:3, last=47,current=51 broadcast_server.cpp:108
2017-12-07 04:44:14.824 [12394] LOG_TRACE pkt lost:2, last=51,current=54 broadcast_server.cpp:108
2017-12-07 04:44:14.847 [12394] LOG_TRACE pkt lost:2, last=55,current=58 broadcast_server.cpp:108
2017-12-07 04:44:15.104 [12394] LOG_TRACE pkt lost:2, last=66,current=69 broadcast_server.cpp:108
